<?xml version="1.0" encoding="UTF-8"?>
<testsuite name="C:/Users/amlan/IdeaProjects/ATB6xRestAssured"
           tests="2"
           failures="0"
           errors="0"
           skipped="0"
           time="5.222">
    <properties></properties>



            <testcase
                name="GetPingRequest2"
                time="1.181"
                classname="com.amlankumar.ra01.ex05072024">
            </testcase>
            <testcase
                name="GetPingRequest"
                time="4.041"
                classname="com.amlankumar.ra01.ex05072024">
            </testcase>
</testsuite>
