<?xml version="1.0" encoding="UTF-8"?>
<testsuite name="C:/Users/amlan/IdeaProjects/ATB6xRestAssured"
           tests="3"
           failures="0"
           errors="0"
           skipped="0"
           time="3.479">
    <properties></properties>



            <testcase
                name="GetBookingInfo"
                time="1.138"
                classname="Full_CRUD_E2E.Full_CRUD">
            </testcase>
            <testcase
                name="UpdateBookingID"
                time="1.223"
                classname="Full_CRUD_E2E.Full_CRUD">
            </testcase>
            <testcase
                name="DeleteBookingID"
                time="1.118"
                classname="Full_CRUD_E2E.Full_CRUD">
            </testcase>
</testsuite>
